<?xml version="1.0" encoding="UTF-8"?>
<!-- Generated by org.testng.reporters.JUnitXMLReporter -->
<testsuite hostname="LAPTOP-L68HVBLL" ignored="4" name="Default test" tests="3" failures="0" timestamp="2021-06-06T11:59:15 IST" time="168.306" errors="0">
  <testcase name="createIncident" time="34.344" classname="tests.selenium.TC003_CreateIncidentUsingRestAndVerifyUsingSelenium"/>
  <testcase name="createIncident" time="37.456" classname="tests.selenium.TC001_CreateIncident"/>
  <testcase name="createIncident" time="31.922" classname="tests.selenium.TC002_CreateIncidentAndGetFromRest"/>
  <testcase name="@AfterSuite afterSuite" time="0.0" classname="lib.selenium.PreAndPost">
    <ignored/>
  </testcase> <!-- @AfterSuite afterSuite -->
  <testcase name="@AfterSuite afterSuite" time="0.0" classname="lib.selenium.PreAndPost">
    <ignored/>
  </testcase> <!-- @AfterSuite afterSuite -->
  <testcase name="@BeforeSuite beforeSuite" time="0.0" classname="lib.selenium.PreAndPost">
    <ignored/>
  </testcase> <!-- @BeforeSuite beforeSuite -->
  <testcase name="@BeforeSuite beforeSuite" time="0.0" classname="lib.selenium.PreAndPost">
    <ignored/>
  </testcase> <!-- @BeforeSuite beforeSuite -->
</testsuite> <!-- Default test -->
